<?xml version="1.0" encoding="UTF-8"?>
<testng-results skipped="0" failed="0" total="1" passed="1">
  <reporter-output>
  </reporter-output>
  <suite name="Default suite" duration-ms="27302" started-at="2019-03-01T17:49:55Z" finished-at="2019-03-01T17:50:23Z">
    <groups>
    </groups>
    <test name="Default test" duration-ms="27302" started-at="2019-03-01T17:49:55Z" finished-at="2019-03-01T17:50:23Z">
      <class name="FirstTest">
        <test-method status="PASS" signature="initialize()[pri:0, instance:FirstTest@5c7fa833]" name="initialize" is-config="true" duration-ms="6268" started-at="2019-03-01T21:49:55Z" finished-at="2019-03-01T21:50:02Z">
          <reporter-output>
          </reporter-output>
        </test-method> <!-- initialize -->
        <test-method status="PASS" signature="secondTest()[pri:0, instance:FirstTest@5c7fa833]" name="secondTest" duration-ms="20981" started-at="2019-03-01T21:50:02Z" finished-at="2019-03-01T21:50:23Z">
          <reporter-output>
          </reporter-output>
        </test-method> <!-- secondTest -->
      </class> <!-- FirstTest -->
    </test> <!-- Default test -->
  </suite> <!-- Default suite -->
</testng-results>
