<?xml version="1.0" encoding="UTF-8"?>
<!-- Generated by org.testng.reporters.JUnitXMLReporter -->
<testsuite hostname="LAPTOP-4KPOE664" failures="0" tests="5" name="Surefire test" time="410.499" errors="0" timestamp="10 May 2019 08:53:07 GMT">
  <testcase classname="BrushTest" name="brushTest" time="128.044"/>
  <testcase classname="CityTest" name="cityTest" time="35.439"/>
  <testcase classname="CityTest" name="cityTest" time="41.002"/>
  <testcase classname="CityTest" name="cityTest" time="40.241"/>
  <testcase classname="LoginTest" name="loginTest" time="24.582"/>
</testsuite> <!-- Surefire test -->
