<?xml version="1.0" encoding="UTF-8"?>
<testng-results total="5" passed="5" failed="0" skipped="0">
  <reporter-output>
  </reporter-output>
  <suite started-at="2019-05-10T08:46:17Z" name="Surefire suite" finished-at="2019-05-10T08:53:07Z" duration-ms="410499">
    <groups>
    </groups>
    <test started-at="2019-05-10T08:46:17Z" name="Surefire test" finished-at="2019-05-10T08:53:07Z" duration-ms="410499">
      <class name="LoginTest">
        <test-method is-config="true" signature="initialization()[pri:0, instance:LoginTest@7a94b64e]" started-at="2019-05-10T12:52:09Z" name="initialization" finished-at="2019-05-10T12:52:26Z" duration-ms="16825" status="PASS">
          <reporter-output>
          </reporter-output>
        </test-method> <!-- initialization -->
        <test-method signature="loginTest()[pri:0, instance:LoginTest@7a94b64e]" started-at="2019-05-10T12:52:26Z" name="loginTest" description="Проверка изменения надписи на кнопке после входа в аккаунт." finished-at="2019-05-10T12:52:50Z" duration-ms="24582" status="PASS">
          <reporter-output>
          </reporter-output>
        </test-method> <!-- loginTest -->
        <test-method is-config="true" signature="makeLogout(org.testng.ITestResult)[pri:0, instance:LoginTest@7a94b64e]" started-at="2019-05-10T12:52:50Z" name="makeLogout" finished-at="2019-05-10T12:53:07Z" duration-ms="17022" status="PASS">
          <params>
            <param index="0">
              <value>
                <![CDATA[[TestResult name=loginTest status=SUCCESS method=LoginTest.loginTest()[pri:0, instance:LoginTest@7a94b64e] output={null}]]]>
              </value>
            </param>
          </params>
          <reporter-output>
          </reporter-output>
        </test-method> <!-- makeLogout -->
      </class> <!-- LoginTest -->
      <class name="CityTest">
        <test-method is-config="true" signature="initialization()[pri:0, instance:CityTest@9f6e406]" started-at="2019-05-10T12:48:59Z" name="initialization" finished-at="2019-05-10T12:49:18Z" duration-ms="19317" status="PASS">
          <reporter-output>
          </reporter-output>
        </test-method> <!-- initialization -->
        <test-method signature="cityTest(java.lang.String)[pri:0, instance:CityTest@9f6e406]" started-at="2019-05-10T12:49:18Z" name="cityTest" description="Проверка корректности изменения города на главной странице и в настройках." data-provider="city-data-provider" finished-at="2019-05-10T12:49:54Z" duration-ms="35439" status="PASS">
          <params>
            <param index="0">
              <value>
                <![CDATA[Хвалынск]]>
              </value>
            </param>
          </params>
          <reporter-output>
          </reporter-output>
        </test-method> <!-- cityTest -->
        <test-method is-config="true" signature="makeLogout(org.testng.ITestResult)[pri:0, instance:CityTest@9f6e406]" started-at="2019-05-10T12:49:54Z" name="makeLogout" finished-at="2019-05-10T12:50:01Z" duration-ms="7382" status="PASS">
          <params>
            <param index="0">
              <value>
                <![CDATA[[TestResult name=cityTest status=SUCCESS method=CityTest.cityTest(java.lang.String)[pri:0, instance:CityTest@9f6e406] output={null}]]]>
              </value>
            </param>
          </params>
          <reporter-output>
          </reporter-output>
        </test-method> <!-- makeLogout -->
        <test-method is-config="true" signature="initialization()[pri:0, instance:CityTest@9f6e406]" started-at="2019-05-10T12:50:01Z" name="initialization" finished-at="2019-05-10T12:50:17Z" duration-ms="15643" status="PASS">
          <reporter-output>
          </reporter-output>
        </test-method> <!-- initialization -->
        <test-method signature="cityTest(java.lang.String)[pri:0, instance:CityTest@9f6e406]" started-at="2019-05-10T12:50:17Z" name="cityTest" description="Проверка корректности изменения города на главной странице и в настройках." data-provider="city-data-provider" finished-at="2019-05-10T12:50:58Z" duration-ms="41002" status="PASS">
          <params>
            <param index="0">
              <value>
                <![CDATA[Волгоград]]>
              </value>
            </param>
          </params>
          <reporter-output>
          </reporter-output>
        </test-method> <!-- cityTest -->
        <test-method is-config="true" signature="makeLogout(org.testng.ITestResult)[pri:0, instance:CityTest@9f6e406]" started-at="2019-05-10T12:50:58Z" name="makeLogout" finished-at="2019-05-10T12:51:05Z" duration-ms="7432" status="PASS">
          <params>
            <param index="0">
              <value>
                <![CDATA[[TestResult name=cityTest status=SUCCESS method=CityTest.cityTest(java.lang.String)[pri:0, instance:CityTest@9f6e406] output={null}]]]>
              </value>
            </param>
          </params>
          <reporter-output>
          </reporter-output>
        </test-method> <!-- makeLogout -->
        <test-method is-config="true" signature="initialization()[pri:0, instance:CityTest@9f6e406]" started-at="2019-05-10T12:51:05Z" name="initialization" finished-at="2019-05-10T12:51:21Z" duration-ms="15981" status="PASS">
          <reporter-output>
          </reporter-output>
        </test-method> <!-- initialization -->
        <test-method signature="cityTest(java.lang.String)[pri:0, instance:CityTest@9f6e406]" started-at="2019-05-10T12:51:21Z" name="cityTest" description="Проверка корректности изменения города на главной странице и в настройках." data-provider="city-data-provider" finished-at="2019-05-10T12:52:01Z" duration-ms="40241" status="PASS">
          <params>
            <param index="0">
              <value>
                <![CDATA[Москва]]>
              </value>
            </param>
          </params>
          <reporter-output>
          </reporter-output>
        </test-method> <!-- cityTest -->
        <test-method is-config="true" signature="makeLogout(org.testng.ITestResult)[pri:0, instance:CityTest@9f6e406]" started-at="2019-05-10T12:52:01Z" name="makeLogout" finished-at="2019-05-10T12:52:09Z" duration-ms="7544" status="PASS">
          <params>
            <param index="0">
              <value>
                <![CDATA[[TestResult name=cityTest status=SUCCESS method=CityTest.cityTest(java.lang.String)[pri:0, instance:CityTest@9f6e406] output={null}]]]>
              </value>
            </param>
          </params>
          <reporter-output>
          </reporter-output>
        </test-method> <!-- makeLogout -->
      </class> <!-- CityTest -->
      <class name="BrushTest">
        <test-method is-config="true" signature="initialization()[pri:0, instance:BrushTest@400d912a]" started-at="2019-05-10T12:46:17Z" name="initialization" finished-at="2019-05-10T12:46:41Z" duration-ms="24484" status="PASS">
          <reporter-output>
          </reporter-output>
        </test-method> <!-- initialization -->
        <test-method signature="brushTest()[pri:0, instance:BrushTest@400d912a]" started-at="2019-05-10T12:46:42Z" name="brushTest" description="Покупка электрической зубной счетки. Ввод интервала стоимости и проверка цена всех найденных товаров.Проверка бесплатной доставки после увеличения стоимости заказа." finished-at="2019-05-10T12:48:50Z" duration-ms="128044" status="PASS">
          <reporter-output>
          </reporter-output>
        </test-method> <!-- brushTest -->
        <test-method is-config="true" signature="makeLogout(org.testng.ITestResult)[pri:0, instance:BrushTest@400d912a]" started-at="2019-05-10T12:48:50Z" name="makeLogout" finished-at="2019-05-10T12:48:59Z" duration-ms="8874" status="PASS">
          <params>
            <param index="0">
              <value>
                <![CDATA[[TestResult name=brushTest status=SUCCESS method=BrushTest.brushTest()[pri:0, instance:BrushTest@400d912a] output={null}]]]>
              </value>
            </param>
          </params>
          <reporter-output>
          </reporter-output>
        </test-method> <!-- makeLogout -->
      </class> <!-- BrushTest -->
    </test> <!-- Surefire test -->
  </suite> <!-- Surefire suite -->
</testng-results>
