<?xml version="1.0" encoding="UTF-8"?>
<testsuite xmlns:xsi="http://www.w3.org/2001/XMLSchema-instance" xsi:noNamespaceSchemaLocation="https://maven.apache.org/surefire/maven-surefire-plugin/xsd/surefire-test-report.xsd" name="TestSuite" time="415.453" tests="5" errors="0" skipped="0" failures="0">
  <properties>
[...]
</properties>
  <testcase name="brushTest" classname="BrushTest" time="128.022"/>
  <testcase name="cityTest" classname="CityTest" time="35.44"/>
  <testcase name="cityTest" classname="CityTest" time="41"/>
  <testcase name="cityTest" classname="CityTest" time="40.24"/>
  <testcase name="loginTest" classname="LoginTest" time="24.583"/>
</testsuite>